# JRE version: OpenJDK Runtime Environment (8.0_112-b06) (build 1.8.0_112-release-b06)
# Java VM: OpenJDK 64-Bit Server VM (25.112-b06 mixed mode windows-amd64 compressed oops)
Heap:
 PSYoungGen      total 338432K, used 127063K [0x00000000e0000000, 0x00000000f6800000, 0x0000000100000000)
  eden space 308224K, 37% used [0x00000000e0000000,0x00000000e71d70d8,0x00000000f2d00000)
  from space 30208K, 34% used [0x00000000f2d00000,0x00000000f373ee50,0x00000000f4a80000)
  to   space 24064K, 0% used [0x00000000f4d00000,0x00000000f4d00000,0x00000000f6480000)
 ParOldGen       total 125440K, used 51918K [0x00000000a0000000, 0x00000000a7a80000, 0x00000000e0000000)
  object space 125440K, 41% used [0x00000000a0000000,0x00000000a32b3940,0x00000000a7a80000)
 Metaspace       used 67282K, capacity 70304K, committed 70400K, reserved 1110016K
  class space    used 8804K, capacity 9410K, committed 9472K, reserved 1048576K
GC Heap History (10 events):
Event: 70.618 GC heap before
{Heap before GC invocations=10 (full 2):
 PSYoungGen      total 168960K, used 168557K [0x00000000e0000000, 0x00000000f0980000, 0x0000000100000000)
  eden space 155648K, 100% used [0x00000000e0000000,0x00000000e9800000,0x00000000e9800000)
  from space 13312K, 96% used [0x00000000e9800000,0x00000000ea49b5c8,0x00000000ea500000)
  to   space 15360K, 0% used [0x00000000efa80000,0x00000000efa80000,0x00000000f0980000)
 ParOldGen       total 72192K, used 16866K [0x00000000a0000000, 0x00000000a4680000, 0x00000000e0000000)
  object space 72192K, 23% used [0x00000000a0000000,0x00000000a1078b88,0x00000000a4680000)
 Metaspace       used 44089K, capacity 45058K, committed 45312K, reserved 1089536K
  class space    used 5801K, capacity 6041K, committed 6144K, reserved 1048576K
Event: 70.687 GC heap after
Heap after GC invocations=10 (full 2):
 PSYoungGen      total 253952K, used 13861K [0x00000000e0000000, 0x00000000f0a00000, 0x0000000100000000)
  eden space 238592K, 0% used [0x00000000e0000000,0x00000000e0000000,0x00000000ee900000)
  from space 15360K, 90% used [0x00000000efa80000,0x00000000f08095c0,0x00000000f0980000)
  to   space 16896K, 0% used [0x00000000ee900000,0x00000000ee900000,0x00000000ef980000)
 ParOldGen       total 72192K, used 16866K [0x00000000a0000000, 0x00000000a4680000, 0x00000000e0000000)
  object space 72192K, 23% used [0x00000000a0000000,0x00000000a1078b88,0x00000000a4680000)
 Metaspace       used 44089K, capacity 45058K, committed 45312K, reserved 1089536K
  class space    used 5801K, capacity 6041K, committed 6144K, reserved 1048576K
}
Event: 83.383 GC heap before
{Heap before GC invocations=11 (full 2):
 PSYoungGen      total 253952K, used 252453K [0x00000000e0000000, 0x00000000f0a00000, 0x0000000100000000)
  eden space 238592K, 100% used [0x00000000e0000000,0x00000000ee900000,0x00000000ee900000)
  from space 15360K, 90% used [0x00000000efa80000,0x00000000f08095c0,0x00000000f0980000)
  to   space 16896K, 0% used [0x00000000ee900000,0x00000000ee900000,0x00000000ef980000)
 ParOldGen       total 72192K, used 16866K [0x00000000a0000000, 0x00000000a4680000, 0x00000000e0000000)
  object space 72192K, 23% used [0x00000000a0000000,0x00000000a1078b88,0x00000000a4680000)
 Metaspace       used 50802K, capacity 52440K, committed 52608K, reserved 1095680K
  class space    used 6828K, capacity 7200K, committed 7296K, reserved 1048576K
Event: 83.595 GC heap after
Heap after GC invocations=11 (full 2):
 PSYoungGen      total 255488K, used 16895K [0x00000000e0000000, 0x00000000f6480000, 0x0000000100000000)
  eden space 238592K, 0% used [0x00000000e0000000,0x00000000e0000000,0x00000000ee900000)
  from space 16896K, 99% used [0x00000000ee900000,0x00000000ef97ffd0,0x00000000ef980000)
  to   space 24064K, 0% used [0x00000000f4d00000,0x00000000f4d00000,0x00000000f6480000)
 ParOldGen       total 72192K, used 28341K [0x00000000a0000000, 0x00000000a4680000, 0x00000000e0000000)
  object space 72192K, 39% used [0x00000000a0000000,0x00000000a1bad680,0x00000000a4680000)
 Metaspace       used 50802K, capacity 52440K, committed 52608K, reserved 1095680K
  class space    used 6828K, capacity 7200K, committed 7296K, reserved 1048576K
}
Event: 124.737 GC heap before
{Heap before GC invocations=12 (full 2):
 PSYoungGen      total 255488K, used 170295K [0x00000000e0000000, 0x00000000f6480000, 0x0000000100000000)
  eden space 238592K, 64% used [0x00000000e0000000,0x00000000e95cdca0,0x00000000ee900000)
  from space 16896K, 99% used [0x00000000ee900000,0x00000000ef97ffd0,0x00000000ef980000)
  to   space 24064K, 0% used [0x00000000f4d00000,0x00000000f4d00000,0x00000000f6480000)
 ParOldGen       total 72192K, used 28341K [0x00000000a0000000, 0x00000000a4680000, 0x00000000e0000000)
  object space 72192K, 39% used [0x00000000a0000000,0x00000000a1bad680,0x00000000a4680000)
 Metaspace       used 56693K, capacity 59042K, committed 59136K, reserved 1099776K
  class space    used 7587K, capacity 8102K, committed 8192K, reserved 1048576K
Event: 124.832 GC heap after
Heap after GC invocations=12 (full 2):
 PSYoungGen      total 332288K, used 24037K [0x00000000e0000000, 0x00000000f6800000, 0x0000000100000000)
  eden space 308224K, 0% used [0x00000000e0000000,0x00000000e0000000,0x00000000f2d00000)
  from space 24064K, 99% used [0x00000000f4d00000,0x00000000f6479778,0x00000000f6480000)
  to   space 30208K, 0% used [0x00000000f2d00000,0x00000000f2d00000,0x00000000f4a80000)
 ParOldGen       total 72192K, used 36043K [0x00000000a0000000, 0x00000000a4680000, 0x00000000e0000000)
  object space 72192K, 49% used [0x00000000a0000000,0x00000000a2332f18,0x00000000a4680000)
 Metaspace       used 56693K, capacity 59042K, committed 59136K, reserved 1099776K
  class space    used 7587K, capacity 8102K, committed 8192K, reserved 1048576K
}
Event: 124.832 GC heap before
{Heap before GC invocations=13 (full 3):
 PSYoungGen      total 332288K, used 24037K [0x00000000e0000000, 0x00000000f6800000, 0x0000000100000000)
  eden space 308224K, 0% used [0x00000000e0000000,0x00000000e0000000,0x00000000f2d00000)
  from space 24064K, 99% used [0x00000000f4d00000,0x00000000f6479778,0x00000000f6480000)
  to   space 30208K, 0% used [0x00000000f2d00000,0x00000000f2d00000,0x00000000f4a80000)
 ParOldGen       total 72192K, used 36043K [0x00000000a0000000, 0x00000000a4680000, 0x00000000e0000000)
  object space 72192K, 49% used [0x00000000a0000000,0x00000000a2332f18,0x00000000a4680000)
 Metaspace       used 56693K, capacity 59042K, committed 59136K, reserved 1099776K
  class space    used 7587K, capacity 8102K, committed 8192K, reserved 1048576K
Event: 126.087 GC heap after
Heap after GC invocations=13 (full 3):
 PSYoungGen      total 332288K, used 0K [0x00000000e0000000, 0x00000000f6800000, 0x0000000100000000)
  eden space 308224K, 0% used [0x00000000e0000000,0x00000000e0000000,0x00000000f2d00000)
  from space 24064K, 0% used [0x00000000f4d00000,0x00000000f4d00000,0x00000000f6480000)
  to   space 30208K, 0% used [0x00000000f2d00000,0x00000000f2d00000,0x00000000f4a80000)
 ParOldGen       total 125440K, used 51910K [0x00000000a0000000, 0x00000000a7a80000, 0x00000000e0000000)
  object space 125440K, 41% used [0x00000000a0000000,0x00000000a32b1940,0x00000000a7a80000)
 Metaspace       used 56693K, capacity 59042K, committed 59136K, reserved 1099776K
  class space    used 7587K, capacity 8102K, committed 8192K, reserved 1048576K
}
Event: 3542.102 GC heap before
{Heap before GC invocations=14 (full 3):
 PSYoungGen      total 332288K, used 308224K [0x00000000e0000000, 0x00000000f6800000, 0x0000000100000000)
  eden space 308224K, 100% used [0x00000000e0000000,0x00000000f2d00000,0x00000000f2d00000)
  from space 24064K, 0% used [0x00000000f4d00000,0x00000000f4d00000,0x00000000f6480000)
  to   space 30208K, 0% used [0x00000000f2d00000,0x00000000f2d00000,0x00000000f4a80000)
 ParOldGen       total 125440K, used 51910K [0x00000000a0000000, 0x00000000a7a80000, 0x00000000e0000000)
  object space 125440K, 41% used [0x00000000a0000000,0x00000000a32b1940,0x00000000a7a80000)
 Metaspace       used 64862K, capacity 67654K, committed 67968K, reserved 1107968K
  class space    used 8423K, capacity 8992K, committed 9088K, reserved 1048576K
Event: 3542.133 GC heap after
Heap after GC invocations=14 (full 3):
 PSYoungGen      total 338432K, used 10491K [0x00000000e0000000, 0x00000000f6800000, 0x0000000100000000)
  eden space 308224K, 0% used [0x00000000e0000000,0x00000000e0000000,0x00000000f2d00000)
  from space 30208K, 34% used [0x00000000f2d00000,0x00000000f373ee50,0x00000000f4a80000)
  to   space 24064K, 0% used [0x00000000f4d00000,0x00000000f4d00000,0x00000000f6480000)
 ParOldGen       total 125440K, used 51918K [0x00000000a0000000, 0x00000000a7a80000, 0x00000000e0000000)
  object space 125440K, 41% used [0x00000000a0000000,0x00000000a32b3940,0x00000000a7a80000)
 Metaspace       used 64862K, capacity 67654K, committed 67968K, reserved 1107968K
  class space    used 8423K, capacity 8992K, committed 9088K, reserved 1048576K
}

